ProjetAndroidVelib/app/build/intermediates/manifest_merge_blame_file/debug/manifest-merger-blame-debug-report.txt
1<?xml version="1.0" encoding="utf-8"?>
2<manifest xmlns:android="http://schemas.android.com/apk/res/android"
3    package="fr.epf.min1.projetandroidvelib"
4    android:versionCode="1"
5    android:versionName="1.0" >
6
7    <uses-sdk
8        android:minSdkVersion="21"
8-->src/main/AndroidManifest.xml
9        android:targetSdkVersion="32" />
9-->src/main/AndroidManifest.xml
10
11    <uses-permission android:name="android.permission.INTERNET" />
11-->src/main/AndroidManifest.xml:5:5-67
11-->src/main/AndroidManifest.xml:5:22-64
12    <uses-permission android:name="android.permission.ACCESS_FINE_LOCATION" />
12-->src/main/AndroidManifest.xml:6:5-78
12-->src/main/AndroidManifest.xml:6:22-76
13    <uses-permission android:name="android.permission.ACCESS_COARSE_LOCATION" />
13-->src/main/AndroidManifest.xml:7:5-80
13-->src/main/AndroidManifest.xml:7:22-78
14
15    <!-- Include required permissions for Google Maps API to run. -->
16    <uses-permission android:name="android.permission.ACCESS_NETWORK_STATE" />
16-->[com.google.android.gms:play-services-maps:17.0.1] AndroidManifest.xml:23:5-79
16-->[com.google.android.gms:play-services-maps:17.0.1] AndroidManifest.xml:23:22-76
17
18    <uses-feature
18-->[com.google.android.gms:play-services-maps:17.0.1] AndroidManifest.xml:26:5-28:35
19        android:glEsVersion="0x00020000"
19-->[com.google.android.gms:play-services-maps:17.0.1] AndroidManifest.xml:27:9-41
20        android:required="true" />
20-->[com.google.android.gms:play-services-maps:17.0.1] AndroidManifest.xml:28:9-32
21
22    <queries>
22-->[com.google.android.gms:play-services-maps:17.0.1] AndroidManifest.xml:30:5-34:15
23
24        <!-- Needs to be explicitly declared on Android R+ -->
25        <package android:name="com.google.android.apps.maps" />
25-->[com.google.android.gms:play-services-maps:17.0.1] AndroidManifest.xml:33:9-64
25-->[com.google.android.gms:play-services-maps:17.0.1] AndroidManifest.xml:33:18-61
26    </queries>
27
28    <application
28-->src/main/AndroidManifest.xml:9:5-54:19
29        android:allowBackup="true"
29-->src/main/AndroidManifest.xml:10:9-35
30        android:appComponentFactory="androidx.core.app.CoreComponentFactory"
30-->[androidx.core:core:1.7.0] AndroidManifest.xml:24:18-86
31        android:debuggable="true"
32        android:icon="@drawable/ic_baseline_pedal_bike_24"
32-->src/main/AndroidManifest.xml:11:9-59
33        android:label="@string/app_name"
33-->src/main/AndroidManifest.xml:12:9-41
34        android:roundIcon="@drawable/ic_baseline_pedal_bike_24"
34-->src/main/AndroidManifest.xml:13:9-64
35        android:supportsRtl="true"
35-->src/main/AndroidManifest.xml:14:9-35
36        android:testOnly="true"
37        android:theme="@style/Theme.ProjetAndroidVelib" >
37-->src/main/AndroidManifest.xml:15:9-56
38
39        <!--
40             TODO: Before you run your application, you need a Google Maps API key.
41
42             To get one, follow the directions here:
43
44                https://developers.google.com/maps/documentation/android-sdk/get-api-key
45
46             Once you have your API key (it starts with "AIza"), define a new property in your
47             project's local.properties file (e.g. MAPS_API_KEY=Aiza...), and replace the
48             "YOUR_API_KEY" string in this file with "${MAPS_API_KEY}".
49        -->
50        <meta-data
51            android:name="com.google.android.geo.API_KEY"
51-->src/main/AndroidManifest.xml:29:13-58
52            android:value="AIzaSyBi2VJk9l5Hb5V24m48zzkZi2OWd2voBCU" />
52-->src/main/AndroidManifest.xml:30:13-44
53
54        <activity
54-->src/main/AndroidManifest.xml:32:9-40:20
55            android:name="fr.epf.min1.projetandroidvelib.MapsActivity"
55-->src/main/AndroidManifest.xml:33:13-41
56            android:exported="true"
56-->src/main/AndroidManifest.xml:34:13-36
57            android:label="@string/title_activity_maps" >
57-->src/main/AndroidManifest.xml:35:13-56
58            <intent-filter>
58-->src/main/AndroidManifest.xml:36:13-39:29
59                <action android:name="android.intent.action.MAIN" />
59-->src/main/AndroidManifest.xml:37:17-69
59-->src/main/AndroidManifest.xml:37:25-66
60
61                <category android:name="android.intent.category.LAUNCHER" />
61-->src/main/AndroidManifest.xml:38:17-77
61-->src/main/AndroidManifest.xml:38:27-74
62            </intent-filter>
63        </activity>
64        <activity
64-->src/main/AndroidManifest.xml:43:9-46:63
65            android:name="fr.epf.min1.projetandroidvelib.FavoritesStationsActivity"
65-->src/main/AndroidManifest.xml:44:13-54
66            android:exported="true"
66-->src/main/AndroidManifest.xml:45:13-36
67            android:label="@string/title_activity_favorites" />
67-->src/main/AndroidManifest.xml:46:13-61
68        <activity
68-->src/main/AndroidManifest.xml:49:9-52:70
69            android:name="fr.epf.min1.projetandroidvelib.DetailsStationsActivity"
69-->src/main/AndroidManifest.xml:50:13-52
70            android:exported="true"
70-->src/main/AndroidManifest.xml:51:13-36
71            android:label="@string/title_activity_details_stations" />
71-->src/main/AndroidManifest.xml:52:13-68
72
73        <!-- Needs to be explicitly declared on P+ -->
74        <uses-library
74-->[com.google.android.gms:play-services-maps:17.0.1] AndroidManifest.xml:39:9-41:40
75            android:name="org.apache.http.legacy"
75-->[com.google.android.gms:play-services-maps:17.0.1] AndroidManifest.xml:40:13-50
76            android:required="false" />
76-->[com.google.android.gms:play-services-maps:17.0.1] AndroidManifest.xml:41:13-37
77
78        <activity
78-->[com.google.android.gms:play-services-base:18.0.1] AndroidManifest.xml:20:9-22:45
79            android:name="com.google.android.gms.common.api.GoogleApiActivity"
79-->[com.google.android.gms:play-services-base:18.0.1] AndroidManifest.xml:20:19-85
80            android:exported="false"
80-->[com.google.android.gms:play-services-base:18.0.1] AndroidManifest.xml:22:19-43
81            android:theme="@android:style/Theme.Translucent.NoTitleBar" />
81-->[com.google.android.gms:play-services-base:18.0.1] AndroidManifest.xml:21:19-78
82
83        <meta-data
83-->[com.google.android.gms:play-services-basement:18.0.0] AndroidManifest.xml:21:9-23:69
84            android:name="com.google.android.gms.version"
84-->[com.google.android.gms:play-services-basement:18.0.0] AndroidManifest.xml:22:13-58
85            android:value="@integer/google_play_services_version" />
85-->[com.google.android.gms:play-services-basement:18.0.0] AndroidManifest.xml:23:13-66
86
87        <provider
87-->[androidx.emoji2:emoji2:1.0.0] AndroidManifest.xml:26:9-34:20
88            android:name="androidx.startup.InitializationProvider"
88-->[androidx.emoji2:emoji2:1.0.0] AndroidManifest.xml:27:13-67
89            android:authorities="fr.epf.min1.projetandroidvelib.androidx-startup"
89-->[androidx.emoji2:emoji2:1.0.0] AndroidManifest.xml:28:13-68
90            android:exported="false" >
90-->[androidx.emoji2:emoji2:1.0.0] AndroidManifest.xml:29:13-37
91            <meta-data
91-->[androidx.emoji2:emoji2:1.0.0] AndroidManifest.xml:31:13-33:52
92                android:name="androidx.emoji2.text.EmojiCompatInitializer"
92-->[androidx.emoji2:emoji2:1.0.0] AndroidManifest.xml:32:17-75
93                android:value="androidx.startup" />
93-->[androidx.emoji2:emoji2:1.0.0] AndroidManifest.xml:33:17-49
94            <meta-data
94-->[androidx.lifecycle:lifecycle-process:2.4.0] AndroidManifest.xml:31:13-33:52
95                android:name="androidx.lifecycle.ProcessLifecycleInitializer"
95-->[androidx.lifecycle:lifecycle-process:2.4.0] AndroidManifest.xml:32:17-78
96                android:value="androidx.startup" />
96-->[androidx.lifecycle:lifecycle-process:2.4.0] AndroidManifest.xml:33:17-49
97        </provider>
98    </application>
99
100</manifest>